Checking test execution result...
[!] Test execution result: FAILED
Checking source code format...
  Preparing source code for format check...
  Running format check...
// =====================================================
//  Running cargo fmt...
// =====================================================

// =====================================================
//    Running cargo clippy...
// =====================================================

    Checking format_check v0.1.0 (/home/runner/work/rustlings-dweeqhd/rustlings-dweeqhd/format_check)
error: expected `;`, found `(`
  --> src/main.rs:13:5
   |
13 |     ($val:expr) => {
   |     ^ no rules expected this token in macro call

error: could not compile `format_check` (bin "format_check") due to 1 previous error

[!] Source code format check: FAILED
