Checking test execution result...
[!] Test execution result: FAILED
Checking source code format...
  Preparing source code for format check...
  Running format check...
// =====================================================
//  Running cargo fmt...
// =====================================================

error: expected expression, found `?`
  --> /home/runner/work/rustlings-dweeqhd/rustlings-dweeqhd/format_check/src/main.rs:11:13
   |
11 |     let a = ???
   |             ^ expected expression


// =====================================================
//    Running cargo clippy...
// =====================================================

    Checking format_check v0.1.0 (/home/runner/work/rustlings-dweeqhd/rustlings-dweeqhd/format_check)
error: expected expression, found `?`
  --> src/main.rs:11:13
   |
11 |     let a = ???
   |             ^ expected expression

error: could not compile `format_check` (bin "format_check") due to 1 previous error

[!] Source code format check: FAILED
